TN:
SF:/Users/semyeonglee/Downloads/mevn-vue2-chat-app-example-master/src/components/AddRoom.vue
FN:30,data
FN:36,onSubmit
FN:38,(anonymous_4)
FN:43,(anonymous_5)
FNF:4
FNH:0
FNDA:0,data
FNDA:0,onSubmit
FNDA:0,(anonymous_4)
FNDA:0,(anonymous_5)
DA:26,0
DA:31,0
DA:36,0
DA:37,0
DA:38,0
DA:40,0
DA:45,0
LF:7
LH:0
BRF:0
BRH:0
end_of_record
TN:
SF:/Users/semyeonglee/Downloads/mevn-vue2-chat-app-example-master/src/components/ChatRoom.vue
FN:58,data
FN:67,created
FN:68,(anonymous_5)
FN:71,(anonymous_6)
FN:76,(anonymous_7)
FN:83,logout
FN:89,onSubmit
FN:93,(anonymous_10)
FN:97,(anonymous_11)
FNF:9
FNH:0
FNDA:0,data
FNDA:0,created
FNDA:0,(anonymous_5)
FNDA:0,(anonymous_6)
FNDA:0,(anonymous_7)
FNDA:0,logout
FNDA:0,onSubmit
FNDA:0,(anonymous_10)
FNDA:0,(anonymous_11)
DA:50,0
DA:51,0
DA:52,0
DA:53,0
DA:54,0
DA:59,0
DA:67,0
DA:68,0
DA:70,0
DA:73,0
DA:76,0
DA:77,0
DA:78,0
DA:84,0
DA:85,0
DA:89,0
DA:90,0
DA:91,0
DA:92,0
DA:93,0
DA:95,0
DA:96,0
DA:99,0
LF:23
LH:0
BRDA:77,0,0,0
BRDA:77,0,1,0
BRF:2
BRH:0
end_of_record
TN:
SF:/Users/semyeonglee/Downloads/mevn-vue2-chat-app-example-master/src/components/HelloWorld.vue
FN:89,data
FNF:1
FNH:0
FNDA:0,data
DA:90,0
LF:1
LH:0
BRF:0
BRH:0
end_of_record
TN:
SF:/Users/semyeonglee/Downloads/mevn-vue2-chat-app-example-master/src/components/JoinRoom.vue
FN:31,data
FN:38,onSubmit
FN:42,(anonymous_5)
FN:49,(anonymous_6)
FNF:4
FNH:0
FNDA:0,data
FNDA:0,onSubmit
FNDA:0,(anonymous_5)
FNDA:0,(anonymous_6)
DA:26,0
DA:27,0
DA:32,0
DA:38,0
DA:39,0
DA:40,0
DA:41,0
DA:42,0
DA:44,0
DA:45,0
DA:51,0
LF:11
LH:0
BRF:0
BRH:0
end_of_record
TN:
SF:/Users/semyeonglee/Downloads/mevn-vue2-chat-app-example-master/src/components/RoomList.vue
FN:28,data
FN:39,created
FN:40,(anonymous_4)
FN:43,(anonymous_5)
FN:49,join
FNF:5
FNH:0
FNDA:0,data
FNDA:0,created
FNDA:0,(anonymous_4)
FNDA:0,(anonymous_5)
FNDA:0,join
DA:24,0
DA:29,0
DA:39,0
DA:40,0
DA:42,0
DA:45,0
DA:50,0
DA:51,0
LF:8
LH:0
BRF:0
BRH:0
end_of_record
